<?xml version="1.0" encoding="UTF-8"?>
<!-- Generated by org.testng.reporters.JUnitReportReporter -->
<testsuite hostname="DESKTOP-P1QCADH" failures="0" tests="1" name="com.testpages.TestDashboardPage" time="32.810" errors="0" timestamp="2025-05-20T19:57:47 IST" skipped="0">
  <testcase classname="com.testpages.TestDashboardPage" name="clickUsers" time="32.810"/>
</testsuite> <!-- com.testpages.TestDashboardPage -->
