<?xml version="1.0" encoding="UTF-8"?>
<!-- Generated by org.testng.reporters.JUnitReportReporter -->
<testsuite hostname="Sanju" failures="0" tests="1" name="com.testpages.TestDashboardPage" time="26.018" errors="0" timestamp="2025-05-19T22:20:29 IST" skipped="0">
  <testcase classname="com.testpages.TestDashboardPage" name="clickUsers" time="26.018"/>
  <system-out/>
</testsuite> <!-- com.testpages.TestDashboardPage -->
