<?xml version="1.0" encoding="UTF-8"?>
<!-- Generated by org.testng.reporters.JUnitReportReporter -->
<testsuite hostname="DESKTOP-P1QCADH" failures="0" tests="2" name="com.testpages.TestUserPage" time="47.597" errors="0" timestamp="2025-05-20T21:27:44 IST" skipped="1">
  <testcase classname="com.testpages.TestUserPage" name="testDeletedUser" time="47.597"/>
  <testcase classname="com.testpages.TestUserPage" name="testRestoreUser">
    <skipped/>
  </testcase> <!-- testRestoreUser -->
</testsuite> <!-- com.testpages.TestUserPage -->
