<?xml version="1.0" encoding="UTF-8"?>
<!-- Generated by org.testng.reporters.JUnitReportReporter -->
<testsuite hostname="Sanju" failures="0" tests="1" name="com.testpages.TestUserPage" time="25.051" errors="0" timestamp="2025-05-13T21:19:26 IST" skipped="0">
  <testcase classname="com.testpages.TestUserPage" name="testRestoreUser" time="25.051"/>
  <system-out/>
</testsuite> <!-- com.testpages.TestUserPage -->
