<?xml version="1.0" encoding="UTF-8"?>
<!-- Generated by org.testng.reporters.JUnitReportReporter -->
<testsuite hostname="Sanju" failures="0" tests="1" name="com.testpages.TestHomePage" time="20.531" errors="0" timestamp="2025-05-13T20:48:39 IST" skipped="0">
  <testcase classname="com.testpages.TestHomePage" name="testUsername" time="20.531"/>
  <system-out/>
</testsuite> <!-- com.testpages.TestHomePage -->
