<?xml version="1.0" encoding="UTF-8"?>
<!-- Generated by org.testng.reporters.JUnitReportReporter -->
<testsuite hostname="Sanju" failures="0" tests="1" name="com.testpages.TestHomePage" time="15.029" errors="0" timestamp="2025-05-13T15:20:51 IST" skipped="0">
  <testcase classname="com.testpages.TestHomePage" name="testUsername" time="15.029"/>
  <system-out/>
</testsuite> <!-- com.testpages.TestHomePage -->
